[debug] [2025-04-16T22:27:41.155Z] ----------------------------------------------------------------------
[debug] [2025-04-16T22:27:41.155Z] Command:       /Users/ohad/.nvm/versions/node/v18.20.6/bin/node /Users/ohad/.nvm/versions/node/v18.20.6/bin/firebase init
[debug] [2025-04-16T22:27:41.156Z] CLI Version:   13.35.1
[debug] [2025-04-16T22:27:41.156Z] Platform:      darwin
[debug] [2025-04-16T22:27:41.156Z] Node Version:  v18.20.6
[debug] [2025-04-16T22:27:41.157Z] Time:          Thu Apr 17 2025 01:27:41 GMT+0300 (Israel Daylight Time)
[debug] [2025-04-16T22:27:41.157Z] ----------------------------------------------------------------------
[debug] 
[debug] [2025-04-16T22:27:41.158Z] >>> [apiv2][query] GET https://firebase-public.firebaseio.com/cli.json [none]
[debug] [2025-04-16T22:27:41.272Z] > command requires scopes: ["email","openid","https://www.googleapis.com/auth/cloudplatformprojects.readonly","https://www.googleapis.com/auth/firebase","https://www.googleapis.com/auth/cloud-platform"]
[debug] [2025-04-16T22:27:41.272Z] > authorizing via signed-in user (dekelohad@gmail.com)
[info] 
     ######## #### ########  ######## ########     ###     ######  ########
     ##        ##  ##     ## ##       ##     ##  ##   ##  ##       ##
     ######    ##  ########  ######   ########  #########  ######  ######
     ##        ##  ##    ##  ##       ##     ## ##     ##       ## ##
     ##       #### ##     ## ######## ########  ##     ##  ######  ########

You're about to initialize a Firebase project in this directory:

  /Users/ohad/Desktop/ai-calling-sass

Before we get started, keep in mind:

  * You are initializing within an existing Firebase project directory

[debug] [2025-04-16T22:27:41.666Z] <<< [apiv2][status] GET https://firebase-public.firebaseio.com/cli.json 200
[debug] [2025-04-16T22:27:41.666Z] <<< [apiv2][body] GET https://firebase-public.firebaseio.com/cli.json {"cloudBuildErrorAfter":1594252800000,"cloudBuildWarnAfter":1590019200000,"defaultNode10After":1594252800000,"minVersion":"3.0.5","node8DeploysDisabledAfter":1613390400000,"node8RuntimeDisabledAfter":1615809600000,"node8WarnAfter":1600128000000}
